<?xml version="1.0" encoding="UTF-8"?>
<!-- Generated by org.testng.reporters.JUnitXMLReporter -->
<testsuite hostname="KAFEIN-34" ignored="0" name="Default test" tests="3" failures="0" timestamp="2021-03-13T21:02:44 EET" time="11.116" errors="0">
  <testcase name="Test1" time="0.022" classname="appiumtests.CalculatorTestNG$WORKTEST"/>
  <testcase name="Test2" time="0.009" classname="appiumtests.CalculatorTestNG$WORKTEST"/>
  <testcase name="Test3" time="0.004" classname="appiumtests.CalculatorTestNG$WORKTEST"/>
</testsuite> <!-- Default test -->
