<?xml version="1.0" encoding="UTF-8"?>
<testng-results skipped="0" failed="0" ignored="0" total="3" passed="3">
  <reporter-output>
  </reporter-output>
  <suite name="Default suite" duration-ms="11116" started-at="2021-03-13T21:02:33 EET" finished-at="2021-03-13T21:02:44 EET">
    <groups>
    </groups>
    <test name="Default test" duration-ms="11116" started-at="2021-03-13T21:02:33 EET" finished-at="2021-03-13T21:02:44 EET">
      <class name="appiumtests.CalculatorTestNG$WORKTEST">
        <test-method status="PASS" signature="BeforeTest()[pri:0, instance:appiumtests.CalculatorTestNG$WORKTEST@1b26f7b2]" name="BeforeTest" is-config="true" duration-ms="9760" started-at="2021-03-13T21:02:33 EET" finished-at="2021-03-13T21:02:43 EET">
          <reporter-output>
          </reporter-output>
        </test-method> <!-- BeforeTest -->
        <test-method status="PASS" signature="Test1()[pri:0, instance:appiumtests.CalculatorTestNG$WORKTEST@1b26f7b2]" name="Test1" duration-ms="22" started-at="2021-03-13T21:02:43 EET" finished-at="2021-03-13T21:02:43 EET">
          <reporter-output>
          </reporter-output>
        </test-method> <!-- Test1 -->
        <test-method status="PASS" signature="Test2()[pri:0, instance:appiumtests.CalculatorTestNG$WORKTEST@1b26f7b2]" name="Test2" duration-ms="9" started-at="2021-03-13T21:02:43 EET" finished-at="2021-03-13T21:02:43 EET">
          <reporter-output>
          </reporter-output>
        </test-method> <!-- Test2 -->
        <test-method status="PASS" signature="Test3()[pri:0, instance:appiumtests.CalculatorTestNG$WORKTEST@1b26f7b2]" name="Test3" duration-ms="4" started-at="2021-03-13T21:02:43 EET" finished-at="2021-03-13T21:02:43 EET">
          <reporter-output>
          </reporter-output>
        </test-method> <!-- Test3 -->
        <test-method status="PASS" signature="AfterTest()[pri:0, instance:appiumtests.CalculatorTestNG$WORKTEST@1b26f7b2]" name="AfterTest" is-config="true" duration-ms="1176" started-at="2021-03-13T21:02:43 EET" finished-at="2021-03-13T21:02:44 EET">
          <reporter-output>
          </reporter-output>
        </test-method> <!-- AfterTest -->
      </class> <!-- appiumtests.CalculatorTestNG$WORKTEST -->
    </test> <!-- Default test -->
  </suite> <!-- Default suite -->
</testng-results>
